<?xml version="1.0" encoding="UTF-8"?>
<!-- Generated by org.testng.reporters.JUnitReportReporter -->
<testsuite skipped="0" hostname="admin-PC" name="testcases.RegisterPet" tests="1" failures="0" timestamp="2019-11-12T19:55:37 IST" time="1.965" errors="0">
  <testcase name="petRegistration" time="1.965" classname="testcases.RegisterPet"/>
</testsuite> <!-- testcases.RegisterPet -->
