<?xml version="1.0" encoding="UTF-8"?>
<!-- Generated by org.testng.reporters.JUnitReportReporter -->
<testsuite skipped="1" hostname="admin-PC" name="testcases.RemovePet" tests="1" failures="0" timestamp="2019-11-11T16:44:14 IST" time="0.000" errors="0">
  <testcase name="deletePetDetails" time="0.000" classname="testcases.RemovePet">
    <skipped/>
  </testcase> <!-- deletePetDetails -->
</testsuite> <!-- testcases.RemovePet -->
