<?xml version="1.0" encoding="UTF-8"?>
<!-- Generated by org.testng.reporters.JUnitReportReporter -->
<testsuite skipped="0" hostname="admin-PC" name="testcases.GetPetDetailsById" tests="1" failures="0" timestamp="2019-11-12T19:55:37 IST" time="4.011" errors="0">
  <testcase name="getPetDetails" time="4.011" classname="testcases.GetPetDetailsById"/>
</testsuite> <!-- testcases.GetPetDetailsById -->
