<?xml version="1.0" encoding="UTF-8"?>
<!-- Generated by org.testng.reporters.JUnitReportReporter -->
<testsuite skipped="0" hostname="admin-PC" name="testcases.PetManagement" tests="4" failures="0" timestamp="2019-11-12T19:55:37 IST" time="8.626" errors="0">
  <testcase name="petRegistration" time="1.652" classname="testcases.PetManagement"/>
  <testcase name="getPetDetails" time="1.590" classname="testcases.PetManagement"/>
  <testcase name="updatePetDetails" time="1.721" classname="testcases.PetManagement"/>
  <testcase name="deletePetDetails" time="3.663" classname="testcases.PetManagement"/>
</testsuite> <!-- testcases.PetManagement -->
