<?xml version="1.0" encoding="UTF-8"?>
<!-- Generated by org.testng.reporters.JUnitReportReporter -->
<testsuite skipped="0" hostname="admin-PC" name="testcases.TestClass2" tests="2" failures="0" timestamp="2019-11-05T15:24:58 IST" time="4.464" errors="0">
  <testcase name="userRegistration2" time="0.610" classname="testcases.TestClass2"/>
  <testcase name="userRegistration1" time="3.854" classname="testcases.TestClass2"/>
</testsuite> <!-- testcases.TestClass2 -->
