<?xml version="1.0" encoding="UTF-8"?>
<!-- Generated by org.testng.reporters.JUnitReportReporter -->
<testsuite skipped="0" hostname="admin-PC" name="testcases.TestClass3" tests="2" failures="0" timestamp="2019-11-05T15:24:58 IST" time="1.358" errors="0">
  <testcase name="userRegistration1" time="0.640" classname="testcases.TestClass3"/>
  <testcase name="userRegistration2" time="0.718" classname="testcases.TestClass3"/>
</testsuite> <!-- testcases.TestClass3 -->
