<?xml version="1.0" encoding="UTF-8"?>
<!-- Generated by org.testng.reporters.JUnitReportReporter -->
<testsuite skipped="0" hostname="admin-PC" name="testcases.UpdatePet" tests="1" failures="0" timestamp="2019-11-12T19:55:37 IST" time="1.697" errors="0">
  <testcase name="updatePetDetails" time="1.697" classname="testcases.UpdatePet"/>
</testsuite> <!-- testcases.UpdatePet -->
