<?xml version="1.0" encoding="UTF-8"?>
<!-- Generated by org.testng.reporters.JUnitReportReporter -->
<testsuite skipped="0" hostname="admin-PC" name="testcases.RegisterUser" tests="1" failures="0" timestamp="2019-11-11T16:34:49 IST" time="1.972" errors="0">
  <testcase name="registerUser" time="1.972" classname="testcases.RegisterUser"/>
</testsuite> <!-- testcases.RegisterUser -->
