<?xml version="1.0" encoding="UTF-8"?>
<!-- Generated by org.testng.reporters.JUnitReportReporter -->
<testsuite skipped="0" hostname="admin-PC" name="testcases.GetPetDetailsById" tests="1" failures="0" timestamp="2019-11-12T14:03:14 IST" time="1.935" errors="0">
  <testcase name="getPetDetails" time="1.935" classname="testcases.GetPetDetailsById"/>
</testsuite> <!-- testcases.GetPetDetailsById -->
