<?xml version="1.0" encoding="UTF-8"?>
<!-- Generated by org.testng.reporters.JUnitReportReporter -->
<testsuite skipped="0" hostname="admin-PC" name="testcases.Way1_Misc_Old" tests="1" failures="0" timestamp="2019-11-30T11:58:21 IST" time="13.543" errors="0">
  <testcase name="testWithPathAndQueryParam" time="13.543" classname="testcases.Way1_Misc_Old"/>
</testsuite> <!-- testcases.Way1_Misc_Old -->
