<?xml version="1.0" encoding="UTF-8"?>
<!-- Generated by org.testng.reporters.JUnitReportReporter -->
<testsuite skipped="0" hostname="admin-PC" name="testcases.DeletePet" tests="1" failures="0" timestamp="2019-11-11T16:19:35 IST" time="2.047" errors="0">
  <testcase name="deletePetDetails" time="2.047" classname="testcases.DeletePet"/>
</testsuite> <!-- testcases.DeletePet -->
