<?xml version="1.0" encoding="UTF-8"?>
<!-- Generated by org.testng.reporters.JUnitReportReporter -->
<testsuite skipped="4" hostname="admin-PC" name="testcases.PetManagement" tests="4" failures="0" timestamp="2019-11-11T16:44:14 IST" time="0.000" errors="0">
  <testcase name="petRegistration" time="0.000" classname="testcases.PetManagement">
    <skipped/>
  </testcase> <!-- petRegistration -->
  <testcase name="getPetDetails" time="0.000" classname="testcases.PetManagement">
    <skipped/>
  </testcase> <!-- getPetDetails -->
  <testcase name="updatePetDetails" time="0.000" classname="testcases.PetManagement">
    <skipped/>
  </testcase> <!-- updatePetDetails -->
  <testcase name="deletePetDetails" time="0.000" classname="testcases.PetManagement">
    <skipped/>
  </testcase> <!-- deletePetDetails -->
</testsuite> <!-- testcases.PetManagement -->
