<?xml version="1.0" encoding="UTF-8"?>
<!-- Generated by org.testng.reporters.JUnitReportReporter -->
<testsuite skipped="0" hostname="admin-PC" name="testcases.PetManagement" tests="4" failures="0" timestamp="2019-11-12T14:03:14 IST" time="7.130" errors="0">
  <testcase name="petRegistration" time="1.964" classname="testcases.PetManagement"/>
  <testcase name="getPetDetails" time="1.807" classname="testcases.PetManagement"/>
  <testcase name="updatePetDetails" time="1.724" classname="testcases.PetManagement"/>
  <testcase name="deletePetDetails" time="1.635" classname="testcases.PetManagement"/>
</testsuite> <!-- testcases.PetManagement -->
